[debug] [2022-10-27T22:37:31.068Z] ----------------------------------------------------------------------
[debug] [2022-10-27T22:37:31.071Z] Command:       C:\Program Files\nodejs\node.exe C:\Users\Ihar\AppData\Roaming\npm\node_modules\firebase-tools\lib\bin\firebase.js init
[debug] [2022-10-27T22:37:31.072Z] CLI Version:   11.15.0
[debug] [2022-10-27T22:37:31.072Z] Platform:      win32
[debug] [2022-10-27T22:37:31.073Z] Node Version:  v16.17.0
[debug] [2022-10-27T22:37:31.074Z] Time:          Fri Oct 28 2022 01:37:31 GMT+0300 (Москва, стандартное время)
[debug] [2022-10-27T22:37:31.075Z] ----------------------------------------------------------------------
[debug] 
[debug] [2022-10-27T22:37:31.088Z] > command requires scopes: ["email","openid","https://www.googleapis.com/auth/cloudplatformprojects.readonly","https://www.googleapis.com/auth/firebase","https://www.googleapis.com/auth/cloud-platform"]
[debug] [2022-10-27T22:37:31.089Z] > authorizing via signed-in user (yoyoyo951@gmail.com)
[info] 
     ######## #### ########  ######## ########     ###     ######  ########
     ##        ##  ##     ## ##       ##     ##  ##   ##  ##       ##
     ######    ##  ########  ######   ########  #########  ######  ######
     ##        ##  ##    ##  ##       ##     ## ##     ##       ## ##
     ##       #### ##     ## ######## ########  ##     ##  ######  ########

You're about to initialize a Firebase project in this directory:

  C:\Users\Ihar\Desktop\weather-app

[info] 
=== Project Setup
[info] 
[info] First, let's associate this project directory with a Firebase project.
[info] You can create multiple project aliases by running firebase use --add, 
[info] but for now we'll just set up a default project.
[info] 
[info] i  If you want to create a project in a Google Cloud organization or folder, please use "firebase projects:create" instead, and return to this command when you've created the project. 
[debug] [2022-10-27T22:38:29.121Z] >>> [apiv2][query] POST https://cloudresourcemanager.googleapis.com/v1/projects [none]
[debug] [2022-10-27T22:38:29.122Z] >>> [apiv2][body] POST https://cloudresourcemanager.googleapis.com/v1/projects {"projectId":"melarossaproject","name":"melarossaproject"}
[debug] [2022-10-27T22:38:30.195Z] <<< [apiv2][status] POST https://cloudresourcemanager.googleapis.com/v1/projects 200
[debug] [2022-10-27T22:38:30.195Z] <<< [apiv2][body] POST https://cloudresourcemanager.googleapis.com/v1/projects {"name":"operations/cp.8081868708339880403"}
[debug] [2022-10-27T22:38:30.197Z] >>> [apiv2][query] GET https://cloudresourcemanager.googleapis.com/v1/operations/cp.8081868708339880403 [none]
[debug] [2022-10-27T22:38:31.187Z] <<< [apiv2][status] GET https://cloudresourcemanager.googleapis.com/v1/operations/cp.8081868708339880403 200
[debug] [2022-10-27T22:38:31.187Z] <<< [apiv2][body] GET https://cloudresourcemanager.googleapis.com/v1/operations/cp.8081868708339880403 {"name":"operations/cp.8081868708339880403","metadata":{"@type":"type.googleapis.com/google.cloudresourcemanager.v1.ProjectCreationStatus","ready":true},"done":true,"error":{"code":9,"message":"Callers must accept Terms of Service","details":[{"@type":"type.googleapis.com/google.rpc.PreconditionFailure","violations":[{"type":"TOS","subject":"cloud","description":"Callers must accept Terms of Service"}]}]}}
[debug] [2022-10-27T22:38:31.192Z] FirebaseError: Callers must accept Terms of Service
    at OperationPoller.poll (C:\Users\Ihar\AppData\Roaming\npm\node_modules\firebase-tools\lib\operation-poller.js:24:19)
    at processTicksAndRejections (node:internal/process/task_queues:96:5)
    at async createCloudProject (C:\Users\Ihar\AppData\Roaming\npm\node_modules\firebase-tools\lib\management\projects.js:186:29)
    at async createFirebaseProjectAndLog (C:\Users\Ihar\AppData\Roaming\npm\node_modules\firebase-tools\lib\management\projects.js:45:9)
    at async promptAndCreateNewProject (C:\Users\Ihar\AppData\Roaming\npm\node_modules\firebase-tools\lib\init\features\project.js:32:12)
    at async doSetup (C:\Users\Ihar\AppData\Roaming\npm\node_modules\firebase-tools\lib\init\features\project.js:88:27)
    at async init (C:\Users\Ihar\AppData\Roaming\npm\node_modules\firebase-tools\lib\init\index.js:36:9)
[error] 
[error] Error: Failed to create project. See firebase-debug.log for more info.
[debug] [2022-10-27T22:38:50.927Z] ----------------------------------------------------------------------
[debug] [2022-10-27T22:38:50.930Z] Command:       C:\Program Files\nodejs\node.exe C:\Users\Ihar\AppData\Roaming\npm\node_modules\firebase-tools\lib\bin\firebase.js init
[debug] [2022-10-27T22:38:50.931Z] CLI Version:   11.15.0
[debug] [2022-10-27T22:38:50.931Z] Platform:      win32
[debug] [2022-10-27T22:38:50.931Z] Node Version:  v16.17.0
[debug] [2022-10-27T22:38:50.933Z] Time:          Fri Oct 28 2022 01:38:50 GMT+0300 (Москва, стандартное время)
[debug] [2022-10-27T22:38:50.934Z] ----------------------------------------------------------------------
[debug] 
[debug] [2022-10-27T22:38:50.953Z] > command requires scopes: ["email","openid","https://www.googleapis.com/auth/cloudplatformprojects.readonly","https://www.googleapis.com/auth/firebase","https://www.googleapis.com/auth/cloud-platform"]
[debug] [2022-10-27T22:38:50.953Z] > authorizing via signed-in user (yoyoyo951@gmail.com)
[info] 
     ######## #### ########  ######## ########     ###     ######  ########
     ##        ##  ##     ## ##       ##     ##  ##   ##  ##       ##
     ######    ##  ########  ######   ########  #########  ######  ######
     ##        ##  ##    ##  ##       ##     ## ##     ##       ## ##
     ##       #### ##     ## ######## ########  ##     ##  ######  ########

You're about to initialize a Firebase project in this directory:

  C:\Users\Ihar\Desktop\weather-app

[info] 
=== Project Setup
[info] 
[info] First, let's associate this project directory with a Firebase project.
[info] You can create multiple project aliases by running firebase use --add, 
[info] but for now we'll just set up a default project.
[info] 
[info] i  If you want to create a project in a Google Cloud organization or folder, please use "firebase projects:create" instead, and return to this command when you've created the project. 
[debug] [2022-10-27T22:39:47.079Z] >>> [apiv2][query] POST https://cloudresourcemanager.googleapis.com/v1/projects [none]
[debug] [2022-10-27T22:39:47.079Z] >>> [apiv2][body] POST https://cloudresourcemanager.googleapis.com/v1/projects {"projectId":"melarossarroject","name":"y"}
[debug] [2022-10-27T22:39:48.031Z] <<< [apiv2][status] POST https://cloudresourcemanager.googleapis.com/v1/projects 400
[debug] [2022-10-27T22:39:48.034Z] <<< [apiv2][body] POST https://cloudresourcemanager.googleapis.com/v1/projects {"error":{"code":400,"message":"field [display_name] has issue [project display name must be at least 4 characters]","status":"INVALID_ARGUMENT","details":[{"@type":"type.googleapis.com/google.rpc.BadRequest","fieldViolations":[{"field":"display_name","description":"project display name must be at least 4 characters"}]},{"@type":"type.googleapis.com/google.rpc.Help","links":[{"url":"https://cloud.google.com/resource-manager/reference/rest/v1/projects"}]}]}}
[debug] [2022-10-27T22:39:48.053Z] FirebaseError: HTTP Error: 400, field [display_name] has issue [project display name must be at least 4 characters]
    at responseToError (C:\Users\Ihar\AppData\Roaming\npm\node_modules\firebase-tools\lib\responseToError.js:49:12)
    at RetryOperation._fn (C:\Users\Ihar\AppData\Roaming\npm\node_modules\firebase-tools\lib\apiv2.js:288:77)
    at processTicksAndRejections (node:internal/process/task_queues:96:5)
[error] 
[error] Error: Failed to create project. See firebase-debug.log for more info.
[debug] [2022-10-27T22:43:11.569Z] ----------------------------------------------------------------------
[debug] [2022-10-27T22:43:11.572Z] Command:       C:\Program Files\nodejs\node.exe C:\Users\Ihar\AppData\Roaming\npm\node_modules\firebase-tools\lib\bin\firebase.js init
[debug] [2022-10-27T22:43:11.573Z] CLI Version:   11.15.0
[debug] [2022-10-27T22:43:11.573Z] Platform:      win32
[debug] [2022-10-27T22:43:11.574Z] Node Version:  v16.17.0
[debug] [2022-10-27T22:43:11.576Z] Time:          Fri Oct 28 2022 01:43:11 GMT+0300 (Москва, стандартное время)
[debug] [2022-10-27T22:43:11.577Z] ----------------------------------------------------------------------
[debug] 
[debug] [2022-10-27T22:43:11.591Z] > command requires scopes: ["email","openid","https://www.googleapis.com/auth/cloudplatformprojects.readonly","https://www.googleapis.com/auth/firebase","https://www.googleapis.com/auth/cloud-platform"]
[debug] [2022-10-27T22:43:11.591Z] > authorizing via signed-in user (yoyoyo951@gmail.com)
[info] 
     ######## #### ########  ######## ########     ###     ######  ########
     ##        ##  ##     ## ##       ##     ##  ##   ##  ##       ##
     ######    ##  ########  ######   ########  #########  ######  ######
     ##        ##  ##    ##  ##       ##     ## ##     ##       ## ##
     ##       #### ##     ## ######## ########  ##     ##  ######  ########

You're about to initialize a Firebase project in this directory:

  C:\Users\Ihar\Desktop\weather-app

[info] 
=== Project Setup
[info] 
[info] First, let's associate this project directory with a Firebase project.
[info] You can create multiple project aliases by running firebase use --add, 
[info] but for now we'll just set up a default project.
[info] 
[info] i  If you want to create a project in a Google Cloud organization or folder, please use "firebase projects:create" instead, and return to this command when you've created the project. 
[debug] [2022-10-27T22:43:40.944Z] >>> [apiv2][query] POST https://cloudresourcemanager.googleapis.com/v1/projects [none]
[debug] [2022-10-27T22:43:40.944Z] >>> [apiv2][body] POST https://cloudresourcemanager.googleapis.com/v1/projects {"projectId":"melarossa","name":"project"}
[debug] [2022-10-27T22:43:41.998Z] <<< [apiv2][status] POST https://cloudresourcemanager.googleapis.com/v1/projects 409
[debug] [2022-10-27T22:43:41.998Z] <<< [apiv2][body] POST https://cloudresourcemanager.googleapis.com/v1/projects {"error":{"code":409,"message":"Requested entity already exists","status":"ALREADY_EXISTS"}}
[debug] [2022-10-27T22:43:42.005Z] FirebaseError: HTTP Error: 409, Requested entity already exists
    at responseToError (C:\Users\Ihar\AppData\Roaming\npm\node_modules\firebase-tools\lib\responseToError.js:49:12)
    at RetryOperation._fn (C:\Users\Ihar\AppData\Roaming\npm\node_modules\firebase-tools\lib\apiv2.js:288:77)
    at processTicksAndRejections (node:internal/process/task_queues:96:5)
[error] 
[error] Error: Failed to create project because there is already a project with ID melarossa. Please try again with a unique project ID.
[debug] [2022-10-27T22:44:04.061Z] ----------------------------------------------------------------------
[debug] [2022-10-27T22:44:04.064Z] Command:       C:\Program Files\nodejs\node.exe C:\Users\Ihar\AppData\Roaming\npm\node_modules\firebase-tools\lib\bin\firebase.js init
[debug] [2022-10-27T22:44:04.065Z] CLI Version:   11.15.0
[debug] [2022-10-27T22:44:04.066Z] Platform:      win32
[debug] [2022-10-27T22:44:04.066Z] Node Version:  v16.17.0
[debug] [2022-10-27T22:44:04.068Z] Time:          Fri Oct 28 2022 01:44:04 GMT+0300 (Москва, стандартное время)
[debug] [2022-10-27T22:44:04.068Z] ----------------------------------------------------------------------
[debug] 
[debug] [2022-10-27T22:44:04.082Z] > command requires scopes: ["email","openid","https://www.googleapis.com/auth/cloudplatformprojects.readonly","https://www.googleapis.com/auth/firebase","https://www.googleapis.com/auth/cloud-platform"]
[debug] [2022-10-27T22:44:04.083Z] > authorizing via signed-in user (yoyoyo951@gmail.com)
[info] 
     ######## #### ########  ######## ########     ###     ######  ########
     ##        ##  ##     ## ##       ##     ##  ##   ##  ##       ##
     ######    ##  ########  ######   ########  #########  ######  ######
     ##        ##  ##    ##  ##       ##     ## ##     ##       ## ##
     ##       #### ##     ## ######## ########  ##     ##  ######  ########

You're about to initialize a Firebase project in this directory:

  C:\Users\Ihar\Desktop\weather-app

[info] 
=== Project Setup
[info] 
[info] First, let's associate this project directory with a Firebase project.
[info] You can create multiple project aliases by running firebase use --add, 
[info] but for now we'll just set up a default project.
[info] 
[info] i  If you want to create a project in a Google Cloud organization or folder, please use "firebase projects:create" instead, and return to this command when you've created the project. 
[debug] [2022-10-27T22:44:31.956Z] >>> [apiv2][query] POST https://cloudresourcemanager.googleapis.com/v1/projects [none]
[debug] [2022-10-27T22:44:31.957Z] >>> [apiv2][body] POST https://cloudresourcemanager.googleapis.com/v1/projects {"projectId":"melarossaproject","name":"medvedevi"}
[debug] [2022-10-27T22:44:33.034Z] <<< [apiv2][status] POST https://cloudresourcemanager.googleapis.com/v1/projects 200
[debug] [2022-10-27T22:44:33.034Z] <<< [apiv2][body] POST https://cloudresourcemanager.googleapis.com/v1/projects {"name":"operations/cp.4800306853124717476"}
[debug] [2022-10-27T22:44:33.037Z] >>> [apiv2][query] GET https://cloudresourcemanager.googleapis.com/v1/operations/cp.4800306853124717476 [none]
[debug] [2022-10-27T22:44:34.095Z] <<< [apiv2][status] GET https://cloudresourcemanager.googleapis.com/v1/operations/cp.4800306853124717476 200
[debug] [2022-10-27T22:44:34.095Z] <<< [apiv2][body] GET https://cloudresourcemanager.googleapis.com/v1/operations/cp.4800306853124717476 {"name":"operations/cp.4800306853124717476","metadata":{"@type":"type.googleapis.com/google.cloudresourcemanager.v1.ProjectCreationStatus","ready":true},"done":true,"error":{"code":9,"message":"Callers must accept Terms of Service","details":[{"@type":"type.googleapis.com/google.rpc.PreconditionFailure","violations":[{"type":"TOS","subject":"cloud","description":"Callers must accept Terms of Service"}]}]}}
[debug] [2022-10-27T22:44:34.100Z] FirebaseError: Callers must accept Terms of Service
    at OperationPoller.poll (C:\Users\Ihar\AppData\Roaming\npm\node_modules\firebase-tools\lib\operation-poller.js:24:19)
    at processTicksAndRejections (node:internal/process/task_queues:96:5)
    at async createCloudProject (C:\Users\Ihar\AppData\Roaming\npm\node_modules\firebase-tools\lib\management\projects.js:186:29)
    at async createFirebaseProjectAndLog (C:\Users\Ihar\AppData\Roaming\npm\node_modules\firebase-tools\lib\management\projects.js:45:9)
    at async promptAndCreateNewProject (C:\Users\Ihar\AppData\Roaming\npm\node_modules\firebase-tools\lib\init\features\project.js:32:12)
    at async doSetup (C:\Users\Ihar\AppData\Roaming\npm\node_modules\firebase-tools\lib\init\features\project.js:88:27)
    at async init (C:\Users\Ihar\AppData\Roaming\npm\node_modules\firebase-tools\lib\init\index.js:36:9)
[error] 
[error] Error: Failed to create project. See firebase-debug.log for more info.
